build/app/intermediates/manifest_merge_blame_file/release/manifest-merger-blame-release-report.txt
1<?xml version="1.0" encoding="utf-8"?>
2<manifest xmlns:android="http://schemas.android.com/apk/res/android"
3    package="com.digitalveins.alaatasa"
4    android:versionCode="5"
5    android:versionName="2.4.1" >
6
7    <uses-sdk
8        android:minSdkVersion="19"
8-->src/main/AndroidManifest.xml
9        android:targetSdkVersion="29" />
9-->src/main/AndroidManifest.xml
10
11    <uses-permission android:name="android.permission.INTERNET" />
11-->src/main/AndroidManifest.xml:4:5-66
11-->src/main/AndroidManifest.xml:4:22-64
12    <uses-permission android:name="android.permission.ACCESS_FINE_LOCATION" />
12-->src/main/AndroidManifest.xml:5:5-78
12-->src/main/AndroidManifest.xml:5:22-76
13    <uses-permission android:name="android.permission.ACCESS_COARSE_LOCATION" />
13-->src/main/AndroidManifest.xml:6:5-80
13-->src/main/AndroidManifest.xml:6:22-78
14    <uses-permission android:name="android.permission.ACCESS_NETWORK_STATE" />
14-->[com.google.android.gms:play-services-measurement-api:17.4.1] AndroidManifest.xml:23:5-79
14-->[com.google.android.gms:play-services-measurement-api:17.4.1] AndroidManifest.xml:23:22-76
15    <uses-permission android:name="android.permission.WAKE_LOCK" /> <!-- Required by older versions of Google Play services to create IID tokens -->
15-->[com.google.android.gms:play-services-measurement-api:17.4.1] AndroidManifest.xml:24:5-68
15-->[com.google.android.gms:play-services-measurement-api:17.4.1] AndroidManifest.xml:24:22-65
16    <uses-permission android:name="com.google.android.c2dm.permission.RECEIVE" />
16-->[com.google.firebase:firebase-iid:20.1.7] AndroidManifest.xml:26:5-82
16-->[com.google.firebase:firebase-iid:20.1.7] AndroidManifest.xml:26:22-79
17    <uses-permission android:name="com.google.android.finsky.permission.BIND_GET_INSTALL_REFERRER_SERVICE" />
17-->[com.google.android.gms:play-services-measurement:17.4.1] AndroidManifest.xml:26:5-110
17-->[com.google.android.gms:play-services-measurement:17.4.1] AndroidManifest.xml:26:22-107
18
19    <uses-feature
19-->[com.google.android.gms:play-services-maps:17.0.0] AndroidManifest.xml:26:5-28:35
20        android:glEsVersion="0x00020000"
20-->[com.google.android.gms:play-services-maps:17.0.0] AndroidManifest.xml:27:9-41
21        android:required="true" />
21-->[com.google.android.gms:play-services-maps:17.0.0] AndroidManifest.xml:28:9-32
22    <!--
23 io.flutter.app.FlutterApplication is an android.app.Application that
24         calls FlutterMain.startInitialization(this); in its onCreate method.
25         In most cases you can leave this as-is, but you if you want to provide
26         additional functionality it is fine to subclass or reimplement
27         FlutterApplication and put your custom class here.
28    -->
29    <application
29-->src/main/AndroidManifest.xml:13:5-46:19
30        android:name="com.digitalveins.alaatasa.Application"
30-->src/main/AndroidManifest.xml:14:9-36
31        android:appComponentFactory="androidx.core.app.CoreComponentFactory"
31-->[androidx.core:core:1.2.0] AndroidManifest.xml:24:18-86
32        android:icon="@mipmap/ic_launcher"
32-->src/main/AndroidManifest.xml:16:9-43
33        android:label="3a tasa" >
33-->src/main/AndroidManifest.xml:15:9-32
34        <meta-data
34-->src/main/AndroidManifest.xml:18:9-19:77
35            android:name="com.google.android.geo.API_KEY"
35-->src/main/AndroidManifest.xml:18:20-65
36            android:value="AIzaSyC0m-VDGVci2X7M_nbn_WphpiZxBh9G7kA" />
36-->src/main/AndroidManifest.xml:19:20-75
37        <meta-data
37-->src/main/AndroidManifest.xml:20:9-22:62
38            android:name="com.google.firebase.messaging.default_notification_icon"
38-->src/main/AndroidManifest.xml:21:17-87
39            android:resource="@mipmap/ic_notification" />
39-->src/main/AndroidManifest.xml:22:17-59
40
41        <activity
41-->src/main/AndroidManifest.xml:23:9-45:20
42            android:name="com.digitalveins.alaatasa.MainActivity"
42-->src/main/AndroidManifest.xml:24:13-41
43            android:configChanges="orientation|keyboardHidden|keyboard|screenSize|locale|layoutDirection|fontScale|screenLayout|density|uiMode"
43-->src/main/AndroidManifest.xml:27:13-144
44            android:hardwareAccelerated="true"
44-->src/main/AndroidManifest.xml:28:13-47
45            android:launchMode="singleTop"
45-->src/main/AndroidManifest.xml:25:13-43
46            android:theme="@style/LaunchTheme"
46-->src/main/AndroidManifest.xml:26:13-47
47            android:windowSoftInputMode="adjustResize" >
47-->src/main/AndroidManifest.xml:29:13-55
48
49            <!--
50                 This keeps the window background of the activity showing
51                 until Flutter renders its first frame. It can be removed if
52                 there is no splash screen (such as the default splash screen
53                 defined in @style/LaunchTheme).
54            -->
55            <meta-data
55-->src/main/AndroidManifest.xml:34:13-36:40
56                android:name="io.flutter.app.android.SplashScreenUntilFirstFrame"
56-->src/main/AndroidManifest.xml:35:17-82
57                android:value="true" />
57-->src/main/AndroidManifest.xml:36:17-37
58
59            <intent-filter>
59-->src/main/AndroidManifest.xml:37:13-40:29
60                <action android:name="android.intent.action.MAIN" />
60-->src/main/AndroidManifest.xml:38:17-68
60-->src/main/AndroidManifest.xml:38:25-66
61
62                <category android:name="android.intent.category.LAUNCHER" />
62-->src/main/AndroidManifest.xml:39:17-76
62-->src/main/AndroidManifest.xml:39:27-74
63            </intent-filter>
64            <intent-filter>
64-->src/main/AndroidManifest.xml:41:13-44:29
65                <action android:name="FLUTTER_NOTIFICATION_CLICK" />
65-->src/main/AndroidManifest.xml:42:17-69
65-->src/main/AndroidManifest.xml:42:25-66
66
67                <category android:name="android.intent.category.DEFAULT" />
67-->src/main/AndroidManifest.xml:43:17-76
67-->src/main/AndroidManifest.xml:43:27-73
68            </intent-filter>
69        </activity>
70
71        <service android:name="io.flutter.plugins.firebasemessaging.FlutterFirebaseMessagingService" >
71-->[:firebase_messaging] AndroidManifest.xml:8:9-12:19
71-->[:firebase_messaging] AndroidManifest.xml:8:18-101
72            <intent-filter>
72-->[:firebase_messaging] AndroidManifest.xml:9:13-11:29
73                <action android:name="com.google.firebase.MESSAGING_EVENT" />
73-->[:firebase_messaging] AndroidManifest.xml:10:17-78
73-->[:firebase_messaging] AndroidManifest.xml:10:25-75
74            </intent-filter>
75        </service>
76        <service
76-->[:firebase_messaging] AndroidManifest.xml:13:9-17:19
77            android:name="com.google.firebase.components.ComponentDiscoveryService"
77-->[:firebase_messaging] AndroidManifest.xml:13:18-89
78            android:directBootAware="true"
78-->[com.google.firebase:firebase-common:19.3.0] AndroidManifest.xml:34:13-43
79            android:exported="false" >
79-->[com.google.firebase:firebase-messaging:20.1.7] AndroidManifest.xml:37:13-37
80            <meta-data
80-->[:firebase_messaging] AndroidManifest.xml:14:13-16:85
81                android:name="com.google.firebase.components:io.flutter.plugins.firebasemessaging.FlutterFirebaseAppRegistrar"
81-->[:firebase_messaging] AndroidManifest.xml:15:17-127
82                android:value="com.google.firebase.components.ComponentRegistrar" />
82-->[:firebase_messaging] AndroidManifest.xml:16:17-82
83            <meta-data
83-->[:firebase_core] AndroidManifest.xml:9:13-11:85
84                android:name="com.google.firebase.components:io.flutter.plugins.firebase.core.FlutterFirebaseCoreRegistrar"
84-->[:firebase_core] AndroidManifest.xml:10:17-124
85                android:value="com.google.firebase.components.ComponentRegistrar" />
85-->[:firebase_core] AndroidManifest.xml:11:17-82
86            <meta-data
86-->[com.google.firebase:firebase-messaging:20.1.7] AndroidManifest.xml:38:13-40:85
87                android:name="com.google.firebase.components:com.google.firebase.messaging.FirebaseMessagingRegistrar"
87-->[com.google.firebase:firebase-messaging:20.1.7] AndroidManifest.xml:39:17-119
88                android:value="com.google.firebase.components.ComponentRegistrar" />
88-->[com.google.firebase:firebase-messaging:20.1.7] AndroidManifest.xml:40:17-82
89            <meta-data
89-->[com.google.android.gms:play-services-measurement-api:17.4.1] AndroidManifest.xml:30:13-32:85
90                android:name="com.google.firebase.components:com.google.firebase.analytics.connector.internal.AnalyticsConnectorRegistrar"
90-->[com.google.android.gms:play-services-measurement-api:17.4.1] AndroidManifest.xml:31:17-139
91                android:value="com.google.firebase.components.ComponentRegistrar" />
91-->[com.google.android.gms:play-services-measurement-api:17.4.1] AndroidManifest.xml:32:17-82
92            <meta-data
92-->[com.google.firebase:firebase-iid:20.1.7] AndroidManifest.xml:32:13-34:85
93                android:name="com.google.firebase.components:com.google.firebase.iid.Registrar"
93-->[com.google.firebase:firebase-iid:20.1.7] AndroidManifest.xml:33:17-96
94                android:value="com.google.firebase.components.ComponentRegistrar" />
94-->[com.google.firebase:firebase-iid:20.1.7] AndroidManifest.xml:34:17-82
95            <meta-data
95-->[com.google.firebase:firebase-datatransport:17.0.3] AndroidManifest.xml:28:13-30:85
96                android:name="com.google.firebase.components:com.google.firebase.datatransport.TransportRegistrar"
96-->[com.google.firebase:firebase-datatransport:17.0.3] AndroidManifest.xml:29:17-115
97                android:value="com.google.firebase.components.ComponentRegistrar" />
97-->[com.google.firebase:firebase-datatransport:17.0.3] AndroidManifest.xml:30:17-82
98            <meta-data
98-->[com.google.firebase:firebase-installations:16.3.0] AndroidManifest.xml:17:13-19:85
99                android:name="com.google.firebase.components:com.google.firebase.installations.FirebaseInstallationsRegistrar"
99-->[com.google.firebase:firebase-installations:16.3.0] AndroidManifest.xml:18:17-127
100                android:value="com.google.firebase.components.ComponentRegistrar" />
100-->[com.google.firebase:firebase-installations:16.3.0] AndroidManifest.xml:19:17-82
101        </service>
102        <!--
103             FirebaseMessagingService performs security checks at runtime,
104             but set to not exported to explicitly avoid allowing another app to call it.
105        -->
106        <service
106-->[com.google.firebase:firebase-messaging:20.1.7] AndroidManifest.xml:28:9-34:19
107            android:name="com.google.firebase.messaging.FirebaseMessagingService"
107-->[com.google.firebase:firebase-messaging:20.1.7] AndroidManifest.xml:29:13-82
108            android:exported="false" >
108-->[com.google.firebase:firebase-messaging:20.1.7] AndroidManifest.xml:30:13-37
109            <intent-filter android:priority="-500" >
109-->[:firebase_messaging] AndroidManifest.xml:9:13-11:29
110                <action android:name="com.google.firebase.MESSAGING_EVENT" />
110-->[:firebase_messaging] AndroidManifest.xml:10:17-78
110-->[:firebase_messaging] AndroidManifest.xml:10:25-75
111            </intent-filter>
112        </service>
113
114        <receiver
114-->[com.google.firebase:firebase-iid:20.1.7] AndroidManifest.xml:37:9-44:20
115            android:name="com.google.firebase.iid.FirebaseInstanceIdReceiver"
115-->[com.google.firebase:firebase-iid:20.1.7] AndroidManifest.xml:38:13-78
116            android:exported="true"
116-->[com.google.firebase:firebase-iid:20.1.7] AndroidManifest.xml:39:13-36
117            android:permission="com.google.android.c2dm.permission.SEND" >
117-->[com.google.firebase:firebase-iid:20.1.7] AndroidManifest.xml:40:13-73
118            <intent-filter>
118-->[com.google.firebase:firebase-iid:20.1.7] AndroidManifest.xml:41:13-43:29
119                <action android:name="com.google.android.c2dm.intent.RECEIVE" />
119-->[com.google.firebase:firebase-iid:20.1.7] AndroidManifest.xml:42:17-81
119-->[com.google.firebase:firebase-iid:20.1.7] AndroidManifest.xml:42:25-78
120            </intent-filter>
121        </receiver>
122        <receiver
122-->[com.google.android.gms:play-services-measurement:17.4.1] AndroidManifest.xml:29:9-33:20
123            android:name="com.google.android.gms.measurement.AppMeasurementReceiver"
123-->[com.google.android.gms:play-services-measurement:17.4.1] AndroidManifest.xml:30:13-85
124            android:enabled="true"
124-->[com.google.android.gms:play-services-measurement:17.4.1] AndroidManifest.xml:31:13-35
125            android:exported="false" >
125-->[com.google.android.gms:play-services-measurement:17.4.1] AndroidManifest.xml:32:13-37
126        </receiver>
127
128        <service
128-->[com.google.android.gms:play-services-measurement:17.4.1] AndroidManifest.xml:35:9-38:40
129            android:name="com.google.android.gms.measurement.AppMeasurementService"
129-->[com.google.android.gms:play-services-measurement:17.4.1] AndroidManifest.xml:36:13-84
130            android:enabled="true"
130-->[com.google.android.gms:play-services-measurement:17.4.1] AndroidManifest.xml:37:13-35
131            android:exported="false" />
131-->[com.google.android.gms:play-services-measurement:17.4.1] AndroidManifest.xml:38:13-37
132        <service
132-->[com.google.android.gms:play-services-measurement:17.4.1] AndroidManifest.xml:39:9-43:72
133            android:name="com.google.android.gms.measurement.AppMeasurementJobService"
133-->[com.google.android.gms:play-services-measurement:17.4.1] AndroidManifest.xml:40:13-87
134            android:enabled="true"
134-->[com.google.android.gms:play-services-measurement:17.4.1] AndroidManifest.xml:41:13-35
135            android:exported="false"
135-->[com.google.android.gms:play-services-measurement:17.4.1] AndroidManifest.xml:42:13-37
136            android:permission="android.permission.BIND_JOB_SERVICE" />
136-->[com.google.android.gms:play-services-measurement:17.4.1] AndroidManifest.xml:43:13-69
137
138        <activity
138-->[:flutter_inappbrowser] AndroidManifest.xml:8:9-11:47
139            android:name="com.pichillilorenzo.flutter_inappbrowser.InAppBrowserActivity"
139-->[:flutter_inappbrowser] AndroidManifest.xml:9:13-89
140            android:configChanges="orientation|screenSize"
140-->[:flutter_inappbrowser] AndroidManifest.xml:10:13-59
141            android:theme="@style/AppTheme" />
141-->[:flutter_inappbrowser] AndroidManifest.xml:11:13-44
142        <activity
142-->[:flutter_inappbrowser] AndroidManifest.xml:12:9-15:55
143            android:name="com.pichillilorenzo.flutter_inappbrowser.ChromeCustomTabs.ChromeCustomTabsActivity"
143-->[:flutter_inappbrowser] AndroidManifest.xml:13:13-110
144            android:configChanges="orientation|screenSize"
144-->[:flutter_inappbrowser] AndroidManifest.xml:14:13-59
145            android:theme="@style/ThemeTransparent" />
145-->[:flutter_inappbrowser] AndroidManifest.xml:15:13-52
146        <activity
146-->[:url_launcher] AndroidManifest.xml:8:9-11:74
147            android:name="io.flutter.plugins.urllauncher.WebViewActivity"
147-->[:url_launcher] AndroidManifest.xml:9:13-74
148            android:exported="false"
148-->[:url_launcher] AndroidManifest.xml:10:13-37
149            android:theme="@android:style/Theme.NoTitleBar.Fullscreen" />
149-->[:url_launcher] AndroidManifest.xml:11:13-71
150
151        <service
151-->[com.google.android.datatransport:transport-backend-cct:2.2.0] AndroidManifest.xml:29:9-35:19
152            android:name="com.google.android.datatransport.runtime.backends.TransportBackendDiscovery"
152-->[com.google.android.datatransport:transport-backend-cct:2.2.0] AndroidManifest.xml:30:13-103
153            android:exported="false" >
153-->[com.google.android.datatransport:transport-backend-cct:2.2.0] AndroidManifest.xml:31:13-37
154            <meta-data
154-->[com.google.android.datatransport:transport-backend-cct:2.2.0] AndroidManifest.xml:32:13-34:39
155                android:name="backend:com.google.android.datatransport.cct.CctBackendFactory"
155-->[com.google.android.datatransport:transport-backend-cct:2.2.0] AndroidManifest.xml:33:17-94
156                android:value="cct" />
156-->[com.google.android.datatransport:transport-backend-cct:2.2.0] AndroidManifest.xml:34:17-36
157        </service>
158        <service
158-->[com.google.android.datatransport:transport-runtime:2.2.0] AndroidManifest.xml:26:9-30:19
159            android:name="com.google.android.datatransport.runtime.scheduling.jobscheduling.JobInfoSchedulerService"
159-->[com.google.android.datatransport:transport-runtime:2.2.0] AndroidManifest.xml:27:13-117
160            android:exported="false"
160-->[com.google.android.datatransport:transport-runtime:2.2.0] AndroidManifest.xml:28:13-37
161            android:permission="android.permission.BIND_JOB_SERVICE" >
161-->[com.google.android.datatransport:transport-runtime:2.2.0] AndroidManifest.xml:29:13-69
162        </service>
163
164        <receiver
164-->[com.google.android.datatransport:transport-runtime:2.2.0] AndroidManifest.xml:32:9-34:40
165            android:name="com.google.android.datatransport.runtime.scheduling.jobscheduling.AlarmManagerSchedulerBroadcastReceiver"
165-->[com.google.android.datatransport:transport-runtime:2.2.0] AndroidManifest.xml:33:13-132
166            android:exported="false" />
166-->[com.google.android.datatransport:transport-runtime:2.2.0] AndroidManifest.xml:34:13-37
167
168        <provider
168-->[com.google.firebase:firebase-common:19.3.0] AndroidManifest.xml:26:9-30:39
169            android:name="com.google.firebase.provider.FirebaseInitProvider"
169-->[com.google.firebase:firebase-common:19.3.0] AndroidManifest.xml:27:13-77
170            android:authorities="com.digitalveins.alaatasa.firebaseinitprovider"
170-->[com.google.firebase:firebase-common:19.3.0] AndroidManifest.xml:28:13-72
171            android:exported="false"
171-->[com.google.firebase:firebase-common:19.3.0] AndroidManifest.xml:29:13-37
172            android:initOrder="100" /> <!-- Needs to be explicitly declared on P+ -->
172-->[com.google.firebase:firebase-common:19.3.0] AndroidManifest.xml:30:13-36
173        <uses-library
173-->[com.google.android.gms:play-services-maps:17.0.0] AndroidManifest.xml:33:9-35:40
174            android:name="org.apache.http.legacy"
174-->[com.google.android.gms:play-services-maps:17.0.0] AndroidManifest.xml:34:13-50
175            android:required="false" />
175-->[com.google.android.gms:play-services-maps:17.0.0] AndroidManifest.xml:35:13-37
176
177        <activity
177-->[com.google.android.gms:play-services-base:17.2.1] AndroidManifest.xml:23:9-26:75
178            android:name="com.google.android.gms.common.api.GoogleApiActivity"
178-->[com.google.android.gms:play-services-base:17.2.1] AndroidManifest.xml:24:13-79
179            android:exported="false"
179-->[com.google.android.gms:play-services-base:17.2.1] AndroidManifest.xml:25:13-37
180            android:theme="@android:style/Theme.Translucent.NoTitleBar" />
180-->[com.google.android.gms:play-services-base:17.2.1] AndroidManifest.xml:26:13-72
181
182        <meta-data
182-->[com.google.android.gms:play-services-basement:17.2.1] AndroidManifest.xml:23:9-25:69
183            android:name="com.google.android.gms.version"
183-->[com.google.android.gms:play-services-basement:17.2.1] AndroidManifest.xml:24:13-58
184            android:value="@integer/google_play_services_version" />
184-->[com.google.android.gms:play-services-basement:17.2.1] AndroidManifest.xml:25:13-66
185    </application>
186
187</manifest>